<?xml version="1.0" encoding="UTF-8"?>
<testsuite xmlns:xsi="http://www.w3.org/2001/XMLSchema-instance" xsi:noNamespaceSchemaLocation="https://maven.apache.org/surefire/maven-surefire-plugin/xsd/surefire-test-report-3.0.xsd" version="3.0" name="in.ashokit.SpringbootDockerAppApplicationTests" time="7.901" tests="1" errors="0" skipped="0" failures="0">
  <properties>
[...]
</properties>
  <testcase name="contextLoads" classname="in.ashokit.SpringbootDockerAppApplicationTests" time="2.91">
    <system-out><![CDATA[19:43:51.560 [main] INFO org.springframework.test.context.support.AnnotationConfigContextLoaderUtils -- Could not detect default configuration classes for test class [in.ashokit.SpringbootDockerAppApplicationTests]: SpringbootDockerAppApplicationTests does not declare any static, non-private, non-final, nested classes annotated with @Configuration.
19:43:51.860 [main] INFO org.springframework.boot.test.context.SpringBootTestContextBootstrapper -- Found @SpringBootConfiguration in.ashokit.SpringbootDockerAppApplication for test class in.ashokit.SpringbootDockerAppApplicationTests
19:43:52.392 [main] INFO org.springframework.boot.devtools.restart.RestartApplicationListener -- Restart disabled due to context in which it is running

  .   ____          _            __ _ _
 /\\ / ___'_ __ _ _(_)_ __  __ _ \ \ \ \
( ( )\___ | '_ | '_| | '_ \/ _` | \ \ \ \
 \\/  ___)| |_)| | | | | || (_| |  ) ) ) )
  '  |____| .__|_| |_|_| |_\__, | / / / /
 =========|_|==============|___/=/_/_/_/
 :: Spring Boot ::                (v3.1.5)

2023-11-22T19:43:53.223+05:30  INFO 13344 --- [           main] i.a.SpringbootDockerAppApplicationTests  : Starting SpringbootDockerAppApplicationTests using Java 17.0.7 with PID 13344 (started by tusha in C:\Users\tusha\Documents\workspace-spring-tool-suite-4-4.19.1.RELEASE\Springboot_Docker_App)
2023-11-22T19:43:53.227+05:30  INFO 13344 --- [           main] i.a.SpringbootDockerAppApplicationTests  : No active profile set, falling back to 1 default profile: "default"
2023-11-22T19:43:55.960+05:30  INFO 13344 --- [           main] i.a.SpringbootDockerAppApplicationTests  : Started SpringbootDockerAppApplicationTests in 3.607 seconds (process running for 6.69)
]]></system-out>
  </testcase>
</testsuite>